[    0.000000] Linux version 4.15.0-96-generic (buildd@lgw01-amd64-004) (gcc version 7.5.0 (Ubuntu 7.5.0-3ubuntu1~18.04)) #97-Ubuntu SMP Wed Apr 1 03:25:46 UTC 2020 (Ubuntu 4.15.0-96.97-generic 4.15.18)
[    0.000000] Command line: BOOT_IMAGE=/boot/vmlinuz-4.15.0-96-generic root=UUID=ead3308c-b60c-4434-8a32-19f0e7542b55 ro console=tty1 console=ttyS0
[    0.000000] KERNEL supported cpus:
[    0.000000]   Intel GenuineIntel
[    0.000000]   AMD AuthenticAMD
[    0.000000]   Centaur CentaurHauls
[    0.000000] x86/fpu: Supporting XSAVE feature 0x001: 'x87 floating point registers'
[    0.000000] x86/fpu: Supporting XSAVE feature 0x002: 'SSE registers'
[    0.000000] x86/fpu: Supporting XSAVE feature 0x004: 'AVX registers'
[    0.000000] x86/fpu: xstate_offset[2]:  576, xstate_sizes[2]:  256
[    0.000000] x86/fpu: Enabled xstate features 0x7, context size is 832 bytes, using 'standard' format.
[    0.000000] e820: BIOS-provided physical RAM map:
[    0.000000] BIOS-e820: [mem 0x0000000000000000-0x000000000009fbff] usable
[    0.000000] BIOS-e820: [mem 0x000000000009fc00-0x000000000009ffff] reserved
[    0.000000] BIOS-e820: [mem 0x00000000000f0000-0x00000000000fffff] reserved
[    0.000000] BIOS-e820: [mem 0x0000000000100000-0x00000000dffeffff] usable
[    0.000000] BIOS-e820: [mem 0x00000000dfff0000-0x00000000dfffffff] ACPI data
[    0.000000] BIOS-e820: [mem 0x00000000fec00000-0x00000000fec00fff] reserved
[    0.000000] BIOS-e820: [mem 0x00000000fee00000-0x00000000fee00fff] reserved
[    0.000000] BIOS-e820: [mem 0x00000000fffc0000-0x00000000ffffffff] reserved
[    0.000000] BIOS-e820: [mem 0x0000000100000000-0x000000031fffffff] usable
[    0.000000] NX (Execute Disable) protection: active
[    0.000000] SMBIOS 2.5 present.
[    0.000000] DMI: innotek GmbH VirtualBox/VirtualBox, BIOS VirtualBox 12/01/2006
[    0.000000] Hypervisor detected: KVM
[    0.000000] e820: last_pfn = 0x320000 max_arch_pfn = 0x400000000
[    0.000000] MTRR: Disabled
[    0.000000] x86/PAT: MTRRs disabled, skipping PAT initialization too.
[    0.000000] CPU MTRRs all blank - virtualized system.
[    0.000000] x86/PAT: Configuration [0-7]: WB  WT  UC- UC  WB  WT  UC- UC  
[    0.000000] e820: last_pfn = 0xdfff0 max_arch_pfn = 0x400000000
[    0.000000] found SMP MP-table at [mem 0x0009fff0-0x0009ffff]
[    0.000000] Scanning 1 areas for low memory corruption
[    0.000000] RAMDISK: [mem 0x351bb000-0x368d4fff]
[    0.000000] ACPI: Early table checksum verification disabled
[    0.000000] ACPI: RSDP 0x00000000000E0000 000024 (v02 VBOX  )
[    0.000000] ACPI: XSDT 0x00000000DFFF0030 00003C (v01 VBOX   VBOXXSDT 00000001 ASL  00000061)
[    0.000000] ACPI: FACP 0x00000000DFFF00F0 0000F4 (v04 VBOX   VBOXFACP 00000001 ASL  00000061)
[    0.000000] ACPI: DSDT 0x00000000DFFF0480 002325 (v02 VBOX   VBOXBIOS 00000002 INTL 20100528)
[    0.000000] ACPI: FACS 0x00000000DFFF0200 000040
[    0.000000] ACPI: FACS 0x00000000DFFF0200 000040
[    0.000000] ACPI: APIC 0x00000000DFFF0240 00006C (v02 VBOX   VBOXAPIC 00000001 ASL  00000061)
[    0.000000] ACPI: SSDT 0x00000000DFFF02B0 0001CC (v01 VBOX   VBOXCPUT 00000002 INTL 20100528)
[    0.000000] No NUMA configuration found
[    0.000000] Faking a node at [mem 0x0000000000000000-0x000000031fffffff]
[    0.000000] NODE_DATA(0) allocated [mem 0x31ffd0000-0x31fffafff]
[    0.000000] kvm-clock: cpu 0, msr 3:1ff4f001, primary cpu clock
[    0.000000] kvm-clock: Using msrs 4b564d01 and 4b564d00
[    0.000000] kvm-clock: using sched offset of 4004286676 cycles
[    0.000000] clocksource: kvm-clock: mask: 0xffffffffffffffff max_cycles: 0x1cd42e4dffb, max_idle_ns: 881590591483 ns
[    0.000000] Zone ranges:
[    0.000000]   DMA      [mem 0x0000000000001000-0x0000000000ffffff]
[    0.000000]   DMA32    [mem 0x0000000001000000-0x00000000ffffffff]
[    0.000000]   Normal   [mem 0x0000000100000000-0x000000031fffffff]
[    0.000000]   Device   empty
[    0.000000] Movable zone start for each node
[    0.000000] Early memory node ranges
[    0.000000]   node   0: [mem 0x0000000000001000-0x000000000009efff]
[    0.000000]   node   0: [mem 0x0000000000100000-0x00000000dffeffff]
[    0.000000]   node   0: [mem 0x0000000100000000-0x000000031fffffff]
[    0.000000] Reserved but unavailable: 98 pages
[    0.000000] Initmem setup node 0 [mem 0x0000000000001000-0x000000031fffffff]
[    0.000000] ACPI: PM-Timer IO Port: 0x4008
[    0.000000] IOAPIC[0]: apic_id 4, version 32, address 0xfec00000, GSI 0-23
[    0.000000] ACPI: INT_SRC_OVR (bus 0 bus_irq 0 global_irq 2 dfl dfl)
[    0.000000] ACPI: INT_SRC_OVR (bus 0 bus_irq 9 global_irq 9 low level)
[    0.000000] Using ACPI (MADT) for SMP configuration information
[    0.000000] smpboot: Allowing 4 CPUs, 0 hotplug CPUs
[    0.000000] PM: Registered nosave memory: [mem 0x00000000-0x00000fff]
[    0.000000] PM: Registered nosave memory: [mem 0x0009f000-0x0009ffff]
[    0.000000] PM: Registered nosave memory: [mem 0x000a0000-0x000effff]
[    0.000000] PM: Registered nosave memory: [mem 0x000f0000-0x000fffff]
[    0.000000] PM: Registered nosave memory: [mem 0xdfff0000-0xdfffffff]
[    0.000000] PM: Registered nosave memory: [mem 0xe0000000-0xfebfffff]
[    0.000000] PM: Registered nosave memory: [mem 0xfec00000-0xfec00fff]
[    0.000000] PM: Registered nosave memory: [mem 0xfec01000-0xfedfffff]
[    0.000000] PM: Registered nosave memory: [mem 0xfee00000-0xfee00fff]
[    0.000000] PM: Registered nosave memory: [mem 0xfee01000-0xfffbffff]
[    0.000000] PM: Registered nosave memory: [mem 0xfffc0000-0xffffffff]
[    0.000000] e820: [mem 0xe0000000-0xfebfffff] available for PCI devices
[    0.000000] Booting paravirtualized kernel on KVM
[    0.000000] clocksource: refined-jiffies: mask: 0xffffffff max_cycles: 0xffffffff, max_idle_ns: 7645519600211568 ns
[    0.000000] random: get_random_bytes called from start_kernel+0x99/0x4fd with crng_init=0
[    0.000000] setup_percpu: NR_CPUS:8192 nr_cpumask_bits:4 nr_cpu_ids:4 nr_node_ids:1
[    0.000000] percpu: Embedded 45 pages/cpu s147456 r8192 d28672 u524288
[    0.000000] PV qspinlock hash table entries: 256 (order: 0, 4096 bytes)
[    0.000000] Built 1 zonelists, mobility grouping on.  Total pages: 3096441
[    0.000000] Policy zone: Normal
[    0.000000] Kernel command line: BOOT_IMAGE=/boot/vmlinuz-4.15.0-96-generic root=UUID=ead3308c-b60c-4434-8a32-19f0e7542b55 ro console=tty1 console=ttyS0
[    0.000000] Memory: 12266392K/12582456K available (12300K kernel code, 2481K rwdata, 4264K rodata, 2432K init, 2712K bss, 316064K reserved, 0K cma-reserved)
[    0.000000] SLUB: HWalign=64, Order=0-3, MinObjects=0, CPUs=4, Nodes=1
[    0.000000] Kernel/User page tables isolation: enabled
[    0.000000] ftrace: allocating 39351 entries in 154 pages
[    0.004000] Hierarchical RCU implementation.
[    0.004000] 	RCU restricting CPUs from NR_CPUS=8192 to nr_cpu_ids=4.
[    0.004000] 	Tasks RCU enabled.
[    0.004000] RCU: Adjusting geometry for rcu_fanout_leaf=16, nr_cpu_ids=4
[    0.004000] NR_IRQS: 524544, nr_irqs: 456, preallocated irqs: 16
[    0.004000] Console: colour VGA+ 80x25
[    0.004000] console [tty1] enabled
[    0.004000] console [ttyS0] enabled
[    0.004000] ACPI: Core revision 20170831
[    0.004000] ACPI: 2 ACPI AML tables successfully acquired and loaded
[    0.004000] APIC: Switch to symmetric I/O mode setup
[    0.004000] x2apic enabled
[    0.004000] Switched APIC routing to physical x2apic.
[    0.004000] ..TIMER: vector=0x30 apic1=0 pin1=2 apic2=-1 pin2=-1
[    0.004003] tsc: Detected 2591.998 MHz processor
[    0.004839] Calibrating delay loop (skipped) preset value.. 5183.99 BogoMIPS (lpj=10367992)
[    0.005357] pid_max: default: 32768 minimum: 301
[    0.006136] Security Framework initialized
[    0.008002] Yama: becoming mindful.
[    0.009010] AppArmor: AppArmor initialized
[    0.018428] Dentry cache hash table entries: 2097152 (order: 12, 16777216 bytes)
[    0.025419] Inode-cache hash table entries: 1048576 (order: 11, 8388608 bytes)
[    0.026735] Mount-cache hash table entries: 32768 (order: 6, 262144 bytes)
[    0.028020] Mountpoint-cache hash table entries: 32768 (order: 6, 262144 bytes)
[    0.030576] Last level iTLB entries: 4KB 64, 2MB 8, 4MB 8
[    0.032003] Last level dTLB entries: 4KB 64, 2MB 0, 4MB 0, 1GB 4
[    0.032971] Spectre V1 : Mitigation: usercopy/swapgs barriers and __user pointer sanitization
[    0.034393] Spectre V2 : Mitigation: Full generic retpoline
[    0.036002] Spectre V2 : Spectre v2 / SpectreRSB mitigation: Filling RSB on context switch
[    0.037316] Speculative Store Bypass: Vulnerable
[    0.038071] MDS: Mitigation: Clear CPU buffers
[    0.039038] Freeing SMP alternatives memory: 36K
[    0.148649] smpboot: CPU0: Intel(R) Core(TM) i7-9750H CPU @ 2.60GHz (family: 0x6, model: 0x9e, stepping: 0xa)
[    0.150581] Performance Events: unsupported p6 CPU model 158 no PMU driver, software events only.
[    0.151938] Hierarchical SRCU implementation.
[    0.152432] NMI watchdog: Perf event create on CPU 0 failed with -2
[    0.153386] NMI watchdog: Perf NMI watchdog permanently disabled
[    0.154326] smp: Bringing up secondary CPUs ...
[    0.155082] x86: Booting SMP configuration:
[    0.156002] .... node  #0, CPUs:      #1
[    0.004000] kvm-clock: cpu 1, msr 3:1ff4f041, secondary cpu clock
[    0.159462]  #2
[    0.004000] kvm-clock: cpu 2, msr 3:1ff4f081, secondary cpu clock
[    0.162888]  #3
[    0.004000] kvm-clock: cpu 3, msr 3:1ff4f0c1, secondary cpu clock
[    0.166489] smp: Brought up 1 node, 4 CPUs
[    0.166489] smpboot: Max logical packages: 1
[    0.166489] smpboot: Total of 4 processors activated (20735.98 BogoMIPS)
[    0.168297] devtmpfs: initialized
[    0.168615] x86/mm: Memory block size: 128MB
[    0.169894] evm: security.selinux
[    0.170475] evm: security.SMACK64
[    0.172002] evm: security.SMACK64EXEC
[    0.172577] evm: security.SMACK64TRANSMUTE
[    0.173216] evm: security.SMACK64MMAP
[    0.173791] evm: security.apparmor
[    0.174362] evm: security.ima
[    0.175089] evm: security.capability
[    0.176067] clocksource: jiffies: mask: 0xffffffff max_cycles: 0xffffffff, max_idle_ns: 7645041785100000 ns
[    0.177856] futex hash table entries: 1024 (order: 4, 65536 bytes)
[    0.178870] pinctrl core: initialized pinctrl subsystem
[    0.180076] RTC time:  3:41:22, date: 04/29/20
[    0.180943] NET: Registered protocol family 16
[    0.181705] audit: initializing netlink subsys (disabled)
[    0.182604] audit: type=2000 audit(1588131688.443:1): state=initialized audit_enabled=0 res=1
[    0.184004] cpuidle: using governor ladder
[    0.184655] cpuidle: using governor menu
[    0.185296] ACPI: bus type PCI registered
[    0.186011] acpiphp: ACPI Hot Plug PCI Controller Driver version: 0.5
[    0.188081] PCI: Using configuration type 1 for base access
[    0.189297] HugeTLB registered 2.00 MiB page size, pre-allocated 0 pages
[    0.189297] ACPI: Added _OSI(Module Device)
[    0.192003] ACPI: Added _OSI(Processor Device)
[    0.192685] ACPI: Added _OSI(3.0 _SCP Extensions)
[    0.193400] ACPI: Added _OSI(Processor Aggregator Device)
[    0.194224] ACPI: Added _OSI(Linux-Dell-Video)
[    0.194918] ACPI: Added _OSI(Linux-Lenovo-NV-HDMI-Audio)
[    0.196001] ACPI: Added _OSI(Linux-HPI-Hybrid-Graphics)
[    0.197061] ACPI: Executed 1 blocks of module-level executable AML code
[    0.200842] ACPI: Interpreter enabled
[    0.201446] ACPI: (supports S0 S5)
[    0.201992] ACPI: Using IOAPIC for interrupt routing
[    0.203026] PCI: Using host bridge windows from ACPI; if necessary, use "pci=nocrs" and report a bug
[    0.204157] ACPI: Enabled 2 GPEs in block 00 to 07
[    0.210649] ACPI: PCI Root Bridge [PCI0] (domain 0000 [bus 00-ff])
[    0.212000] acpi PNP0A03:00: _OSC: OS supports [ASPM ClockPM Segments MSI]
[    0.212346] acpi PNP0A03:00: _OSC: not requesting OS control; OS requires [ExtendedConfig ASPM ClockPM MSI]
[    0.214357] acpi PNP0A03:00: fail to add MMCONFIG information, can't access extended PCI configuration space under this bridge.
[    0.216375] PCI host bridge to bus 0000:00
[    0.217014] pci_bus 0000:00: root bus resource [io  0x0000-0x0cf7 window]
[    0.218178] pci_bus 0000:00: root bus resource [io  0x0d00-0xffff window]
[    0.220003] pci_bus 0000:00: root bus resource [mem 0x000a0000-0x000bffff window]
[    0.221147] pci_bus 0000:00: root bus resource [mem 0xe0000000-0xfdffffff window]
[    0.222334] pci_bus 0000:00: root bus resource [bus 00-ff]
[    0.225715] pci 0000:00:01.1: legacy IDE quirk: reg 0x10: [io  0x01f0-0x01f7]
[    0.226828] pci 0000:00:01.1: legacy IDE quirk: reg 0x14: [io  0x03f6]
[    0.227864] pci 0000:00:01.1: legacy IDE quirk: reg 0x18: [io  0x0170-0x0177]
[    0.228002] pci 0000:00:01.1: legacy IDE quirk: reg 0x1c: [io  0x0376]
[    0.312897] pci 0000:00:07.0: quirk: [io  0x4000-0x403f] claimed by PIIX4 ACPI
[    0.314071] pci 0000:00:07.0: quirk: [io  0x4100-0x410f] claimed by PIIX4 SMB
[    0.341663] ACPI: PCI Interrupt Link [LNKA] (IRQs 5 9 10 *11)
[    0.344221] ACPI: PCI Interrupt Link [LNKB] (IRQs 5 9 *10 11)
[    0.345434] ACPI: PCI Interrupt Link [LNKC] (IRQs 5 *9 10 11)
[    0.347077] ACPI: PCI Interrupt Link [LNKD] (IRQs 5 9 10 *11)
[    0.348199] SCSI subsystem initialized
[    0.348862] pci 0000:00:02.0: vgaarb: setting as boot VGA device
[    0.348960] pci 0000:00:02.0: vgaarb: VGA device added: decodes=io+mem,owns=io+mem,locks=none
[    0.350373] pci 0000:00:02.0: vgaarb: bridge control possible
[    0.352009] vgaarb: loaded
[    0.352654] ACPI: bus type USB registered
[    0.353409] usbcore: registered new interface driver usbfs
[    0.354324] usbcore: registered new interface driver hub
[    0.355272] usbcore: registered new device driver usb
[    0.356061] EDAC MC: Ver: 3.0.0
[    0.356773] PCI: Using ACPI for IRQ routing
[    0.357027] NetLabel: Initializing
[    0.358150] NetLabel:  domain hash size = 128
[    0.360002] NetLabel:  protocols = UNLABELED CIPSOv4 CALIPSO
[    0.360911] NetLabel:  unlabeled traffic allowed by default
[    0.361811] clocksource: Switched to clocksource kvm-clock
[    0.372385] VFS: Disk quotas dquot_6.6.0
[    0.373090] VFS: Dquot-cache hash table entries: 512 (order 0, 4096 bytes)
[    0.374409] AppArmor: AppArmor Filesystem Enabled
[    0.375326] pnp: PnP ACPI init
[    0.377322] pnp: PnP ACPI: found 3 devices
[    0.389355] clocksource: acpi_pm: mask: 0xffffff max_cycles: 0xffffff, max_idle_ns: 2085701024 ns
[    0.391132] NET: Registered protocol family 2
[    0.392200] TCP established hash table entries: 131072 (order: 8, 1048576 bytes)
[    0.395045] TCP bind hash table entries: 65536 (order: 8, 1048576 bytes)
[    0.396499] TCP: Hash tables configured (established 131072 bind 65536)
[    0.398089] UDP hash table entries: 8192 (order: 6, 262144 bytes)
[    0.399279] UDP-Lite hash table entries: 8192 (order: 6, 262144 bytes)
[    0.400626] NET: Registered protocol family 1
[    0.401509] pci 0000:00:00.0: Limiting direct PCI/PCI transfers
[    0.402675] pci 0000:00:01.0: Activating ISA DMA hang workarounds
[    0.403908] pci 0000:00:02.0: Video device with shadowed ROM at [mem 0x000c0000-0x000dffff]
[    0.405751] Unpacking initramfs...
[    0.693203] Freeing initrd memory: 23656K
[    0.694377] PCI-DMA: Using software bounce buffering for IO (SWIOTLB)
[    0.695635] software IO TLB: mapped [mem 0xdbff0000-0xdfff0000] (64MB)
[    0.697539] clocksource: tsc: mask: 0xffffffffffffffff max_cycles: 0x255cb518234, max_idle_ns: 440795279333 ns
[    0.699201] platform rtc_cmos: registered platform RTC device (no PNP device found)
[    0.700363] Scanning for low memory corruption every 60 seconds
[    0.701953] Initialise system trusted keyrings
[    0.702700] Key type blacklist registered
[    0.703430] workingset: timestamp_bits=36 max_order=22 bucket_order=0
[    0.705076] zbud: loaded
[    0.705872] squashfs: version 4.0 (2009/01/31) Phillip Lougher
[    0.706962] fuse init (API version 7.26)
[    0.711996] Key type asymmetric registered
[    0.712745] Asymmetric key parser 'x509' registered
[    0.713541] Block layer SCSI generic (bsg) driver version 0.4 loaded (major 246)
[    0.714725] io scheduler noop registered
[    0.715343] io scheduler deadline registered
[    0.716000] io scheduler cfq registered (default)
[    0.717762] ACPI: AC Adapter [AC] (on-line)
[    0.719499] input: Power Button as /devices/LNXSYSTM:00/LNXPWRBN:00/input/input0
[    0.721295] ACPI: Power Button [PWRF]
[    0.721987] input: Sleep Button as /devices/LNXSYSTM:00/LNXSLPBN:00/input/input1
[    0.723149] ACPI: Sleep Button [SLPF]
[    0.724233] Serial: 8250/16550 driver, 32 ports, IRQ sharing enabled
[    0.725108] ACPI: Battery Slot [BAT0] (battery present)
[    0.746518] 00:02: ttyS0 at I/O 0x3f8 (irq = 4, base_baud = 115200) is a 16550A
[    0.750275] Linux agpgart interface v0.103
[    0.752333] loop: module loaded
[    0.754509] scsi host0: ata_piix
[    0.755197] scsi host1: ata_piix
[    0.755746] ata1: PATA max UDMA/33 cmd 0x1f0 ctl 0x3f6 bmdma 0xd000 irq 14
[    0.756828] ata2: PATA max UDMA/33 cmd 0x170 ctl 0x376 bmdma 0xd008 irq 15
[    0.757992] libphy: Fixed MDIO Bus: probed
[    0.758702] tun: Universal TUN/TAP device driver, 1.6
[    0.759628] PPP generic driver version 2.4.2
[    0.760426] ehci_hcd: USB 2.0 'Enhanced' Host Controller (EHCI) Driver
[    0.761455] ehci-pci: EHCI PCI platform driver
[    0.762159] ehci-platform: EHCI generic platform driver
[    0.762990] ohci_hcd: USB 1.1 'Open' Host Controller (OHCI) Driver
[    0.763911] ohci-pci: OHCI PCI platform driver
[    0.764754] ohci-platform: OHCI generic platform driver
[    0.765557] uhci_hcd: USB Universal Host Controller Interface driver
[    0.766548] i8042: PNP: PS/2 Controller [PNP0303:PS2K,PNP0f03:PS2M] at 0x60,0x64 irq 1,12
[    0.768284] serio: i8042 KBD port at 0x60,0x64 irq 1
[    0.769472] serio: i8042 AUX port at 0x60,0x64 irq 12
[    0.770360] mousedev: PS/2 mouse device common for all mice
[    0.771677] rtc_cmos rtc_cmos: rtc core: registered rtc_cmos as rtc0
[    0.772787] rtc_cmos rtc_cmos: alarms up to one day, 114 bytes nvram
[    0.773860] input: AT Translated Set 2 keyboard as /devices/platform/i8042/serio0/input/input2
[    0.775232] i2c /dev entries driver
[    0.775980] device-mapper: uevent: version 1.0.3
[    0.776860] device-mapper: ioctl: 4.37.0-ioctl (2017-09-20) initialised: dm-devel@redhat.com
[    0.778817] ledtrig-cpu: registered to indicate activity on CPUs
[    0.780252] NET: Registered protocol family 10
[    0.784118] Segment Routing with IPv6
[    0.784794] NET: Registered protocol family 17
[    0.785591] Key type dns_resolver registered
[    0.786702] mce: Using 0 MCE banks
[    0.787325] RAS: Correctable Errors collector initialized.
[    0.788329] sched_clock: Marking stable (788312173, 0)->(1082336540, -294024367)
[    0.790156] registered taskstats version 1
[    0.790840] Loading compiled-in X.509 certificates
[    0.793712] Loaded X.509 cert 'Build time autogenerated kernel key: 244b473b43e18b01f00e37a87f2ecd28620f0244'
[    0.795399] zswap: loaded using pool lzo/zbud
[    0.799849] Key type big_key registered
[    0.800654] Key type trusted registered
[    0.802889] Key type encrypted registered
[    0.803556] AppArmor: AppArmor sha1 policy hashing enabled
[    0.804664] ima: No TPM chip found, activating TPM-bypass! (rc=-19)
[    0.805709] ima: Allocated hash algorithm: sha1
[    0.806480] evm: HMAC attrs: 0x1
[    0.807213]   Magic number: 0:615:665
[    0.807979] rtc_cmos rtc_cmos: setting system clock to 2020-04-29 03:41:23 UTC (1588131683)
[    0.809660] BIOS EDD facility v0.16 2004-Jun-25, 0 devices found
[    0.810575] EDD information not available.
[    0.942921] Freeing unused kernel image memory: 2432K
[    1.276682] Write protecting the kernel read-only data: 20480k
[    1.280388] Freeing unused kernel image memory: 2008K
[    1.282026] Freeing unused kernel image memory: 1880K
[    1.289979] x86/mm: Checked W+X mappings: passed, no W+X pages found.
[    1.291709] x86/mm: Checking user space page tables
[    1.299220] x86/mm: Checked W+X mappings: passed, no W+X pages found.
Loading, please wait...
starting version 237
[    1.363222] e1000: Intel(R) PRO/1000 Network Driver - version 7.3.21-k8-NAPI
[    1.365363] e1000: Copyright (c) 1999-2006 Intel Corporation.
[    1.369971] Fusion MPT base driver 3.04.20
[    1.371080] Copyright (c) 1999-2008 LSI Corporation
[    1.375775] Fusion MPT SPI Host driver 3.04.20
[    1.390183] AVX2 version of gcm_enc/dec engaged.
[    1.391067] AES CTR mode by8 optimization enabled
[    1.586813] input: ImExPS/2 Generic Explorer Mouse as /devices/platform/i8042/serio1/input/input4
[    1.741803] e1000 0000:00:03.0 eth0: (PCI:33MHz:32-bit) 02:dc:8f:84:58:82
[    1.743195] e1000 0000:00:03.0 eth0: Intel(R) PRO/1000 Network Connection
[    1.745676] mptbase: ioc0: Initiating bringup
[    1.745836] e1000 0000:00:03.0 enp0s3: renamed from eth0
[    1.840451] ioc0: LSI53C1030 A0: Capabilities={Initiator}
[    2.086015] scsi host2: ioc0: LSI53C1030 A0, FwRev=00000000h, Ports=1, MaxQ=256, IRQ=20
[    2.257524] scsi 2:0:0:0: Direct-Access     VBOX     HARDDISK         1.0  PQ: 0 ANSI: 5
[    2.808920] scsi target2:0:0: Beginning Domain Validation
[    2.812713] scsi target2:0:0: Domain Validation skipping write tests
[    2.814074] scsi target2:0:0: Ending Domain Validation
[    2.815267] scsi target2:0:0: asynchronous
[    2.817038] scsi 2:0:1:0: Direct-Access     VBOX     HARDDISK         1.0  PQ: 0 ANSI: 5
[    3.740869] scsi target2:0:1: Beginning Domain Validation
[    3.744596] random: fast init done
[    3.746015] scsi target2:0:1: Domain Validation skipping write tests
[    3.747634] scsi target2:0:1: Ending Domain Validation
[    3.749539] scsi target2:0:1: asynchronous
[    3.754864] random: systemd-udevd: uninitialized urandom read (16 bytes read)
[    3.754927] sd 2:0:0:0: Attached scsi generic sg0 type 0
[    3.756533] random: systemd-udevd: uninitialized urandom read (16 bytes read)
[    3.757992] sd 2:0:1:0: Attached scsi generic sg1 type 0
[    3.759411] random: systemd-udevd: uninitialized urandom read (16 bytes read)
[    3.762176] sd 2:0:0:0: [sda] 104857600 512-byte logical blocks: (53.7 GB/50.0 GiB)
[    3.762186] sd 2:0:1:0: [sdb] 20480 512-byte logical blocks: (10.5 MB/10.0 MiB)
[    3.763926] sd 2:0:0:0: [sda] Write Protect is off
[    3.766597] sd 2:0:1:0: [sdb] Write Protect is off
[    3.766651] sd 2:0:0:0: [sda] Incomplete mode parameter data
[    3.769036] sd 2:0:0:0: [sda] Assuming drive cache: write through
[    3.770449]  sda: sda1
[    3.771047] sd 2:0:1:0: [sdb] Incomplete mode parameter data
[    3.771566] sd 2:0:0:0: [sda] Attached SCSI disk
[    3.772354] sd 2:0:1:0: [sdb] Assuming drive cache: write through
[    3.777352] sd 2:0:1:0: [sdb] Attached SCSI disk
Begin: Loading essential drivers ... [    5.144042] raid6: sse2x1   gen() 13901 MB/s
[    5.192025] raid6: sse2x1   xor()  9717 MB/s
[    5.240086] raid6: sse2x2   gen() 16878 MB/s
[    5.288285] raid6: sse2x2   xor() 11251 MB/s
[    5.336281] raid6: sse2x4   gen() 19395 MB/s
[    5.384018] raid6: sse2x4   xor() 12066 MB/s
[    5.432735] raid6: avx2x1   gen() 27479 MB/s
[    5.480038] raid6: avx2x1   xor() 19400 MB/s
[    5.528072] raid6: avx2x2   gen() 32755 MB/s
[    5.576042] raid6: avx2x2   xor() 20543 MB/s
[    5.624172] raid6: avx2x4   gen() 38640 MB/s
[    5.672715] raid6: avx2x4   xor() 23404 MB/s
[    5.673770] raid6: using algorithm avx2x4 gen() 38640 MB/s
[    5.674605] raid6: .... xor() 23404 MB/s, rmw enabled
[    5.676094] raid6: using avx2x2 recovery algorithm
[    5.678180] xor: automatically using best checksumming function   avx       
[    5.680832] async_tx: api initialized (async)
done.
Begin: Running /scripts/init-premount ... done.
Begin: Mounting root file system ... Begin: Running /scripts/local-top ... done.
Begin: Running /scripts/local-premount ... [    5.713950] Btrfs loaded, crc32c=crc32c-intel
Scanning for Btrfs filesystems
done.
Warning: fsck not present, so skipping root file system
[    5.735653] EXT4-fs (sda1): mounted filesystem with ordered data mode. Opts: (null)
done.
Begin: Running /scripts/local-bottom ... done.
Begin: Running /scripts/init-bottom ... done.
[    5.901694] ip_tables: (C) 2000-2006 Netfilter Core Team
[    5.911376] systemd[1]: systemd 237 running in system mode. (+PAM +AUDIT +SELINUX +IMA +APPARMOR +SMACK +SYSVINIT +UTMP +LIBCRYPTSETUP +GCRYPT +GNUTLS +ACL +XZ +LZ4 +SECCOMP +BLKID +ELFUTILS +KMOD -IDN2 +IDN -PCRE2 default-hierarchy=hybrid)
[    5.914703] systemd[1]: Detected virtualization oracle.
[    5.915532] systemd[1]: Detected architecture x86-64.

Welcome to [1mUbuntu 18.04.4 LTS[0m!

[    5.923449] systemd[1]: Set hostname to <ubuntu-bionic>.
[    6.199610] systemd[1]: Reached target User and Group Name Lookups.
[[0;32m  OK  [0m] Reached target User and Group Name Lookups.
[    6.201592] systemd[1]: Reached target Swap.
[[0;32m  OK  [0m] Reached target Swap.
[    6.205156] systemd[1]: Created slice System Slice.
[[0;32m  OK  [0m] Created slice System Slice.
[    6.206661] systemd[1]: Listening on Journal Socket (/dev/log).
[[0;32m  OK  [0m] Listening on Journal Socket (/dev/log).
[    6.220403] systemd[1]: Listening on udev Control Socket.
[[0;32m  OK  [0m] Listening on udev Control Socket.
[    6.232483] systemd[1]: Listening on Journal Socket.
[[0;32m  OK  [0m] Listening on Journal Socket.
         Starting Load Kernel Modules...
[[0;32m  OK  [0m] Created slice system-serial\x2dgetty.slice.
[[0;32m  OK  [0m] Listening on Network Service Netlink Socket.
         Starting Set the console keyboard layout...
         Starting Remount Root and Kernel File Systems...
[[0;32m  OK  [0m] Listening on Device-mapper event daemon FIFOs.
         Mounting Kernel Debug File System...
         Starting Uncomplicated firewall...
         Mounting Huge Pages File System...
[    6.291745] lp: driver loaded but no devices found
         Starting Create list of required st…ce nodes for the current kernel...
[[0;32m  OK  [0m] Listening on LVM2 poll daemon socket.
[[0;32m  OK  [0m] Started Forward Password Requests to Wall Directory Watch.
[[0;32m  OK  [0m] Listening on udev Kernel Socket.
[[0;32m  OK  [0m] Set up automount Arbitrary Executab…rmats File System Automount Point.
[    6.346759] ppdev: user-space parallel port driver
[    6.349489] EXT4-fs (sda1): re-mounted. Opts: (null)
[[0;32m  OK  [0m] Reached target System Time Synchronized.
[[0;32m  OK  [0m] Listening on Journal Audit Socket.
         Starting udev Coldplug all Devices...
[[0;32m  OK  [0m] Listening on Syslog Socket.
         Starting Journal Service...
[[0;32m  OK  [0m] Listening on /dev/initctl Compatibility Named Pipe.
[[0;32m  OK  [0m] Listening on LVM2 metadata daemon socket.
         Starting Monitoring of LVM2 mirrors…ng dmeventd or progress polling...
[[0;32m  OK  [0m] Created slice User and Session Slice.
[    6.379988] Loading iSCSI transport class v2.0-870.
[    6.386852] iscsi: registered transport (tcp)
[[0;32m  OK  [0m] Reached target Slices.
         Mounting POSIX Message Queue File System...
[[0;32m  OK  [0m] Started Remount Root and Kernel File Systems.
[[0;32m  OK  [0m] Mounted Kernel Debug File System.
[[0;32m  OK  [0m] Started Uncomplicated firewall.
[[0;32m  OK  [0m] Mounted Huge Pages File System.
[[0;32m  OK  [0m] Started Create list of required sta…vice nodes for the current kernel.
[    6.404471] iscsi: registered transport (iser)
[[0;32m  OK  [0m] Started Load Kernel Modules.
[[0;32m  OK  [0m] Mounted POSIX Message Queue File System.
         Mounting Kernel Configuration File System...
         Starting Apply Kernel Variables...
         Mounting FUSE Control File System...
         Starting Create Static Device Nodes in /dev...
         Starting Load/Save Random Seed...
[[0;32m  OK  [0m] Started Journal Service.
[[0;32m  OK  [0m] Started udev Coldplug all Devices.
[[0;32m  OK  [0m] Mounted Kernel Configuration File System.
[[0;32m  OK  [0m] Mounted FUSE Control File System.
[[0;32m  OK  [0m] Started Create Static Device Nodes in /dev.
         Starting udev Kernel Device Manager...
         Starting Flush Journal to Persistent Storage...
[[0;32m  OK  [0m] Started LVM2 metadata daemon.
[[0;32m  OK  [0m] Started Apply Kernel Variables.
[[0;32m  OK  [0m] Started Load/Save Random Seed.
[[0;32m  OK  [0m] Started Monitoring of LVM2 mirrors,…sing dmeventd or progress polling.
[[0;32m  OK  [0m] Started udev Kernel Device Manager.
[[0;32m  OK  [0m] Found device /dev/ttyS0.
[[0;32m  OK  [0m] Started Flush Journal to Persistent Storage.
[[0;32m  OK  [0m] Listening on Load/Save RF Kill Switch Status /dev/rfkill Watch.
[[0;32m  OK  [0m] Started Set the console keyboard layout.
[[0;32m  OK  [0m] Reached target Local File Systems (Pre).
[[0;32m  OK  [0m] Reached target Local File Systems.
         Starting Create Volatile Files and Directories...
         Starting Set console font and keymap...
         Starting Clean up any mess left by 0dns-up...
         Starting AppArmor initialization...
         Starting ebtables ruleset management...
         Starting Tell Plymouth To Write Out Runtime Data...
[[0;32m  OK  [0m] Started Dispatch Password Requests to Console Directory Watch.
[[0;32m  OK  [0m] Reached target Local Encrypted Volumes.
[[0;32m  OK  [0m] Started Create Volatile Files and Directories.
[[0;32m  OK  [0m] Started Set console font and keymap.
[[0;32m  OK  [0m] Started Tell Plymouth To Write Out Runtime Data.
         Starting Update UTMP about System Boot/Shutdown...
[[0;32m  OK  [0m] Started Update UTMP about System Boot/Shutdown.
[[0;32m  OK  [0m] Started Clean up any mess left by 0dns-up.
[[0;32m  OK  [0m] Started ebtables ruleset management.
[[0;32m  OK  [0m] Started AppArmor initialization.
         Starting Initial cloud-init job (pre-networking)...
[    9.324758] cloud-init[826]: Cloud-init v. 19.4-33-gbb4131a2-0ubuntu1~18.04.1 running 'init-local' at Wed, 29 Apr 2020 03:41:31 +0000. Up 8.56 seconds.
[[0;32m  OK  [0m] Started Initial cloud-init job (pre-networking).
[[0;32m  OK  [0m] Reached target Network (Pre).
         Starting Network Service...
         Starting Raise network interfaces...
[[0;32m  OK  [0m] Started Network Service.
         Starting Network Name Resolution...
         Starting Wait for Network to be Configured...
[[0;32m  OK  [0m] Started Raise network interfaces.
[[0;32m  OK  [0m] Started Network Name Resolution.
[[0;32m  OK  [0m] Reached target Host and Network Name Lookups.
[[0;32m  OK  [0m] Started Wait for Network to be Configured.
         Starting Initial cloud-init job (metadata service crawler)...
[   11.770609] cloud-init[1012]: Cloud-init v. 19.4-33-gbb4131a2-0ubuntu1~18.04.1 running 'init' at Wed, 29 Apr 2020 03:41:34 +0000. Up 11.67 seconds.
[   11.771653] cloud-init[1012]: ci-info: ++++++++++++++++++++++++++++++++++++++Net device info++++++++++++++++++++++++++++++++++++++
[   11.772593] cloud-init[1012]: ci-info: +--------+------+----------------------------+---------------+--------+-------------------+
[   11.773779] cloud-init[1012]: ci-info: | Device |  Up  |          Address           |      Mask     | Scope  |     Hw-Address    |
[   11.775161] cloud-init[1012]: ci-info: +--------+------+----------------------------+---------------+--------+-------------------+
[   11.776599] cloud-init[1012]: ci-info: | enp0s3 | True |         10.0.2.15          | 255.255.255.0 | global | 02:dc:8f:84:58:82 |
[   11.777793] cloud-init[1012]: ci-info: | enp0s3 | True | fe80::dc:8fff:fe84:5882/64 |       .       |  link  | 02:dc:8f:84:58:82 |
[   11.779152] cloud-init[1012]: ci-info: |   lo   | True |         127.0.0.1          |   255.0.0.0   |  host  |         .         |
[   11.780615] cloud-init[1012]: ci-info: |   lo   | True |          ::1/128           |       .       |  host  |         .         |
[   11.782115] cloud-init[1012]: ci-info: +--------+------+----------------------------+---------------+--------+-------------------+
[   11.783647] cloud-init[1012]: ci-info: ++++++++++++++++++++++++++++Route IPv4 info+++++++++++++++++++++++++++++
[   11.784939] cloud-init[1012]: ci-info: +-------+-------------+----------+-----------------+-----------+-------+
[   11.786173] cloud-init[1012]: ci-info: | Route | Destination | Gateway  |     Genmask     | Interface | Flags |
[   11.787547] cloud-init[1012]: ci-info: +-------+-------------+----------+-----------------+-----------+-------+
[   11.788711] cloud-init[1012]: ci-info: |   0   |   0.0.0.0   | 10.0.2.2 |     0.0.0.0     |   enp0s3  |   UG  |
[   11.790025] cloud-init[1012]: ci-info: |   1   |   10.0.2.0  | 0.0.0.0  |  255.255.255.0  |   enp0s3  |   U   |
[   11.791191] cloud-init[1012]: ci-info: |   2   |   10.0.2.2  | 0.0.0.0  | 255.255.255.255 |   enp0s3  |   UH  |
[   11.792427] cloud-init[1012]: ci-info: +-------+-------------+----------+-----------------+-----------+-------+
[   11.793848] cloud-init[1012]: ci-info: +++++++++++++++++++Route IPv6 info+++++++++++++++++++
[   11.795277] cloud-init[1012]: ci-info: +-------+-------------+---------+-----------+-------+
[   11.796780] cloud-init[1012]: ci-info: | Route | Destination | Gateway | Interface | Flags |
[   11.797883] cloud-init[1012]: ci-info: +-------+-------------+---------+-----------+-------+
[   11.798979] cloud-init[1012]: ci-info: |   1   |  fe80::/64  |    ::   |   enp0s3  |   U   |
[   11.800158] cloud-init[1012]: ci-info: |   3   |    local    |    ::   |   enp0s3  |   U   |
[   11.801287] cloud-init[1012]: ci-info: |   4   |   ff00::/8  |    ::   |   enp0s3  |   U   |
[   11.802592] cloud-init[1012]: ci-info: +-------+-------------+---------+-----------+-------+
[[0;32m  OK  [0m] Started Initial cloud-init job (metadata service crawler).
[[0;32m  OK  [0m] Reached target System Initialization.
[[0;32m  OK  [0m] Started Daily apt download activities.
[[0;32m  OK  [0m] Started Message of the Day.
[[0;32m  OK  [0m] Started Daily apt upgrade and clean activities.
[[0;32m  OK  [0m] Listening on CUPS Scheduler.
[[0;32m  OK  [0m] Listening on D-Bus System Message Bus Socket.
[[0;32m  OK  [0m] Started Daily Cleanup of Temporary Directories.
[[0;32m  OK  [0m] Started ACPI Events Check.
[[0;32m  OK  [0m] Started Trigger anacron every hour.
[[0;32m  OK  [0m] Listening on Open-iSCSI iscsid Socket.
[[0;32m  OK  [0m] Started Discard unused blocks once a week.
[[0;32m  OK  [0m] Reached target Timers.
         Starting LXD - unix socket.
[[0;32m  OK  [0m] Listening on UUID daemon activation socket.
[[0;32m  OK  [0m] Listening on ACPID Listen Socket.
[[0;32m  OK  [0m] Listening on Avahi mDNS/DNS-SD Stack Activation Socket.
[[0;32m  OK  [0m] Started CUPS Scheduler.
[[0;32m  OK  [0m] Reached target Paths.
         Starting Socket activation for snappy daemon.
[[0;32m  OK  [0m] Reached target Cloud-config availability.
[[0;32m  OK  [0m] Listening on LXD - unix socket.
[[0;32m  OK  [0m] Listening on Socket activation for snappy daemon.
[[0;32m  OK  [0m] Reached target Sockets.
[[0;32m  OK  [0m] Reached target Basic System.
         Starting Detect the available GPUs and deal with any system changes...
[[0;32m  OK  [0m] Started Regular background program processing daemon.
         Starting Accounts Service...
         Starting Dispatcher daemon for systemd-networkd...
         Starting System Logging Service...
         Starting Modem Manager...
         Starting Restore /etc/resolv.conf i…fore the ppp link was shut down...
[[0;32m  OK  [0m] Started FUSE filesystem for LXC.
[[0;32m  OK  [0m] Started Deferred execution scheduler.
         Starting Avahi mDNS/DNS-SD Stack...
[[0;32m  OK  [0m] Started irqbalance daemon.
         Starting Login Service...
[[0;32m  OK  [0m] Started ACPI event daemon.
         Starting Virtualbox guest utils...
[[0;32m  OK  [0m] Started Run anacron jobs.
[[0;32m  OK  [0m] Started D-Bus System Message Bus.
[[0;32m  OK  [0m] Started Login Service.
         Starting Network Manager...
         Starting WPA supplicant...
         Starting Snappy daemon...
         Starting Disk Manager...
         Starting LSB: Record successful boot for GRUB...
[[0;32m  OK  [0m] Started CUPS Scheduler.
         Starting LXD - container startup/shutdown...
[[0;32m  OK  [0m] Started System Logging Service.
[[0;32m  OK  [0m] Started Detect the available GPUs and deal with any system changes.
[[0;32m  OK  [0m] Started Restore /etc/resolv.conf if…before the ppp link was shut down.
[[0;32m  OK  [0m] Started Avahi mDNS/DNS-SD Stack.
[[0;32m  OK  [0m] Started WPA supplicant.
         Starting Authorization Manager...
[[0;32m  OK  [0m] Started Make remote CUPS printers available locally.
[[0;32m  OK  [0m] Started Dispatcher daemon for systemd-networkd.
[[0;32m  OK  [0m] Started Authorization Manager.
[[0;32m  OK  [0m] Started Accounts Service.
[[0;32m  OK  [0m] Started Virtualbox guest utils.
[[0;32m  OK  [0m] Started Disk Manager.
[[0;32m  OK  [0m] Started Modem Manager.
[[0;32m  OK  [0m] Started LSB: Record successful boot for GRUB.
[[0;32m  OK  [0m] Started LXD - container startup/shutdown.
         Starting Hostname Service...
[[0;32m  OK  [0m] Started Snappy daemon.
         Starting Wait until snapd is fully seeded...
[[0;32m  OK  [0m] Started Wait until snapd is fully seeded.
[[0;32m  OK  [0m] Started Hostname Service.
[[0;32m  OK  [0m] Started Network Manager.
         Starting Network Manager Wait Online...
[[0;32m  OK  [0m] Reached target Network.
[[0;32m  OK  [0m] Started Unattended Upgrades Shutdown.
         Starting Network Manager Script Dispatcher Service...
[[0;32m  OK  [0m] Started Network Manager Script Dispatcher Service.
[[0;32m  OK  [0m] Started Network Manager Wait Online.
[[0;32m  OK  [0m] Reached target Network is Online.
[[0;32m  OK  [0m] Started crash report submission daemon.
         Starting LXC network bridge setup...
         Starting OpenBSD Secure Shell server...
[[0;32m  OK  [0m] Reached target Remote File Systems (Pre).
[[0;32m  OK  [0m] Reached target Remote File Systems.
         Starting LSB: virtual tunnel over TCP/IP networks...
         Starting LSB: Speech Dispatcher...
         Starting LSB: automatic crash report generation...
         Starting Tool to automatically coll… submit kernel crash signatures...
         Starting Permit User Sessions...
         Starting Availability of block devices...
         Starting Apply the settings specified in cloud-config...
[[0;32m  OK  [0m] Started OpenBSD Secure Shell server.
[[0;32m  OK  [0m] Started Permit User Sessions.
[[0;32m  OK  [0m] Started LSB: Speech Dispatcher.
[[0;32m  OK  [0m] Started Availability of block devices.
         Starting Hold until boot process finishes up...
         Starting GNOME Display Manager...
[[0;32m  OK  [0m] Started LSB: virtual tunnel over TCP/IP networks.
[[0;32m  OK  [0m] Started LSB: automatic crash report generation.
[[0;32m  OK  [0m] Started Tool to automatically colle…nd submit kernel crash signatures.
[[0;32m  OK  [0m] Started Hold until boot process finishes up.
         Starting Set console scheme...
[[0;32m  OK  [0m] Started Serial Getty on ttyS0.
[[0;32m  OK  [0m] Reached target Login Prompts.
[[0;32m  OK  [0m] Started Set console scheme.
[[0;32m  OK  [0m] Created slice system-getty.slice.
[[0;32m  OK  [0m] Started GNOME Display Manager.
[[0;32m  OK  [0m] Created slice User Slice of vagrant.
         Starting User Manager for UID 1000...
[[0;32m  OK  [0m] Started Session 1 of user vagrant.
[[0;32m  OK  [0m] Created slice User Slice of gdm.
         Starting User Manager for UID 125...
[[0;32m  OK  [0m] Started Session c1 of user gdm.
[[0;32m  OK  [0m] Started User Manager for UID 1000.
[[0;32m  OK  [0m] Started User Manager for UID 125.
[   14.265972] cloud-init[1745]: Cloud-init v. 19.4-33-gbb4131a2-0ubuntu1~18.04.1 running 'modules:config' at Wed, 29 Apr 2020 03:41:36 +0000. Up 14.17 seconds.
[[0;32m  OK  [0m] Started Apply the settings specified in cloud-config.
[[0;32m  OK  [0m] Started LXC network bridge setup.
         Starting LXC Container Initialization and Autoboot Code...
[[0;32m  OK  [0m] Started LXC Container Initialization and Autoboot Code.
[[0;32m  OK  [0m] Reached target Multi-User System.
         Starting Execute cloud user/final scripts...
[[0;32m  OK  [0m] Reached target Graphical Interface.
         Starting Update UTMP about System Runlevel Changes...
[[0;32m  OK  [0m] Started Update UTMP about System Runlevel Changes.
         Starting Daemon for power management...
[[0;32m  OK  [0m] Started Daemon for power management.
         Stopping User Manager for UID 125...
[[0;32m  OK  [0m] Stopped User Manager for UID 125.
[[0;32m  OK  [0m] Removed slice User Slice of gdm.
[[0;32m  OK  [0m] Created slice User Slice of gdm.
         Starting User Manager for UID 125...
[[0;32m  OK  [0m] Started Session c2 of user gdm.
[   15.005878] cloud-init[2032]: Cloud-init v. 19.4-33-gbb4131a2-0ubuntu1~18.04.1 running 'modules:final' at Wed, 29 Apr 2020 03:41:37 +0000. Up 14.91 seconds.
[[0;32m  OK  [0m] Started User Manager for UID 125.
[   15.020425] cloud-init[2032]: Cloud-init v. 19.4-33-gbb4131a2-0ubuntu1~18.04.1 finished at Wed, 29 Apr 2020 03:41:37 +0000. Datasource DataSourceNoCloud [seed=/dev/sdb][dsmode=net].  Up 14.99 seconds
[[0;32m  OK  [0m] Started Execute cloud user/final scripts.
[[0;32m  OK  [0m] Reached target Cloud-init target.

Ubuntu 18.04.4 LTS ubuntu-bionic ttyS0

ubuntu-bionic login: 